This file contains any messages produced by compilers while
running configure, to aid debugging if configure makes a mistake.

It was created by DGRP Driver configure 1.0.0, which was
generated by GNU Autoconf 2.63.  Invocation command line was

  $ ./configure 

## --------- ##
## Platform. ##
## --------- ##

hostname = nemo
uname -m = x86_64
uname -r = 3.13.0-116-generic
uname -s = Linux
uname -v = #163-Ubuntu SMP Fri Mar 31 14:13:22 UTC 2017

/usr/bin/uname -p = unknown
/bin/uname -X     = unknown

/bin/arch              = unknown
/usr/bin/arch -k       = unknown
/usr/convex/getsysinfo = unknown
/usr/bin/hostinfo      = unknown
/bin/machine           = unknown
/usr/bin/oslevel       = unknown
/bin/universe          = unknown

PATH: /usr/local/sbin
PATH: /usr/local/bin
PATH: /usr/sbin
PATH: /usr/bin
PATH: /sbin
PATH: /bin
PATH: /snap/bin


## ----------- ##
## Core tests. ##
## ----------- ##

configure:1808: checking for Digi Driver package version
configure:1812: result: 1.9-36Beta6 built on 02/08/2016
configure:1818: checking for awk
configure:1837: found /usr/bin/awk
configure:1850: result: /usr/bin/awk
configure:1862: checking for arch
configure:1881: found /usr/bin/arch
configure:1894: result: /usr/bin/arch
configure:1906: checking for cat
configure:1925: found /bin/cat
configure:1938: result: /bin/cat
configure:1950: checking for cd
configure:1982: result: /bin/cd
configure:1994: checking for chkconfig
configure:2026: result: /sbin/chkconfig
configure:2038: checking for chmod
configure:2057: found /bin/chmod
configure:2070: result: /bin/chmod
configure:2082: checking for chown
configure:2101: found /bin/chown
configure:2114: result: /bin/chown
configure:2126: checking for cp
configure:2145: found /bin/cp
configure:2158: result: /bin/cp
configure:2170: checking for depmod
configure:2189: found /sbin/depmod
configure:2202: result: /sbin/depmod
configure:2214: checking for echo
configure:2233: found /bin/echo
configure:2246: result: /bin/echo
configure:2258: checking for fuser
configure:2277: found /bin/fuser
configure:2290: result: /bin/fuser
configure:2302: checking for grep
configure:2321: found /bin/grep
configure:2334: result: /bin/grep
configure:2346: checking for init
configure:2365: found /sbin/init
configure:2378: result: /sbin/init
configure:2390: checking for insmod
configure:2409: found /sbin/insmod
configure:2422: result: /sbin/insmod
configure:2438: checking for kill
configure:2457: found /bin/kill
configure:2470: result: /bin/kill
configure:2482: checking for ln
configure:2501: found /bin/ln
configure:2514: result: /bin/ln
configure:2526: checking for ls
configure:2545: found /bin/ls
configure:2558: result: /bin/ls
configure:2570: checking for lsmod
configure:2589: found /sbin/lsmod
configure:2602: result: /sbin/lsmod
configure:2614: checking for make
configure:2633: found /usr/bin/make
configure:2646: result: /usr/bin/make
configure:2657: checking for mkdir
configure:2676: found /bin/mkdir
configure:2689: result: /bin/mkdir
configure:2701: checking for mknod
configure:2720: found /bin/mknod
configure:2733: result: /bin/mknod
configure:2749: checking for more
configure:2768: found /bin/more
configure:2781: result: /bin/more
configure:2793: checking for mv
configure:2812: found /bin/mv
configure:2825: result: /bin/mv
configure:2837: checking for ps
configure:2856: found /bin/ps
configure:2869: result: /bin/ps
configure:2881: checking for rm
configure:2900: found /bin/rm
configure:2913: result: /bin/rm
configure:2925: checking for rmdir
configure:2944: found /bin/rmdir
configure:2957: result: /bin/rmdir
configure:2969: checking for rmmod
configure:2988: found /sbin/rmmod
configure:3001: result: /sbin/rmmod
configure:3017: checking for sed
configure:3036: found /bin/sed
configure:3049: result: /bin/sed
configure:3061: checking for sleep
configure:3080: found /bin/sleep
configure:3093: result: /bin/sleep
configure:3105: checking for stty
configure:3124: found /bin/stty
configure:3137: result: /bin/stty
configure:3149: checking for tar
configure:3168: found /bin/tar
configure:3181: result: /bin/tar
configure:3193: checking for tr
configure:3212: found /usr/bin/tr
configure:3225: result: /usr/bin/tr
configure:3237: checking for touch
configure:3256: found /usr/bin/touch
configure:3269: result: /usr/bin/touch
configure:3281: checking for true
configure:3300: found /bin/true
configure:3313: result: /bin/true
configure:3325: checking for udevadm
configure:3344: found /sbin/udevadm
configure:3357: result: /sbin/udevadm
configure:3369: checking for udevcontrol
configure:3401: result: Not Found
configure:3413: checking for udevd
configure:3432: found /sbin/udevd
configure:3445: result: /sbin/udevd
configure:3457: checking for udevinfo
configure:3489: result: Not Found
configure:3501: checking for uname
configure:3520: found /bin/uname
configure:3533: result: /bin/uname
configure:3561: checking for platform type
configure:3570: checking for gcc
configure:3586: found /usr/bin/gcc
configure:3597: result: gcc
configure:3708: checking for gcc version
configure:3876: checking for gcc
configure:3903: result: gcc
configure:4135: checking for C compiler version
configure:4143: gcc --version >&5
gcc (Ubuntu 4.8.5-2ubuntu1~14.04.1) 4.8.5
Copyright (C) 2015 Free Software Foundation, Inc.
This is free software; see the source for copying conditions.  There is NO
warranty; not even for MERCHANTABILITY or FITNESS FOR A PARTICULAR PURPOSE.

configure:4147: $? = 0
configure:4154: gcc -v >&5
Using built-in specs.
COLLECT_GCC=gcc
COLLECT_LTO_WRAPPER=/usr/lib/gcc/x86_64-linux-gnu/4.8/lto-wrapper
Target: x86_64-linux-gnu
Configured with: ../src/configure -v --with-pkgversion='Ubuntu 4.8.5-2ubuntu1~14.04.1' --with-bugurl=file:///usr/share/doc/gcc-4.8/README.Bugs --enable-languages=c,c++,java,go,d,fortran,objc,obj-c++ --prefix=/usr --program-suffix=-4.8 --enable-shared --enable-linker-build-id --libexecdir=/usr/lib --without-included-gettext --enable-threads=posix --with-gxx-include-dir=/usr/include/c++/4.8 --libdir=/usr/lib --enable-nls --with-sysroot=/ --enable-clocale=gnu --enable-libstdcxx-debug --enable-libstdcxx-time=yes --enable-gnu-unique-object --disable-libmudflap --enable-plugin --with-system-zlib --disable-browser-plugin --enable-java-awt=gtk --enable-gtk-cairo --with-java-home=/usr/lib/jvm/java-1.5.0-gcj-4.8-amd64/jre --enable-java-home --with-jvm-root-dir=/usr/lib/jvm/java-1.5.0-gcj-4.8-amd64 --with-jvm-jar-dir=/usr/lib/jvm-exports/java-1.5.0-gcj-4.8-amd64 --with-arch-directory=amd64 --with-ecj-jar=/usr/share/java/eclipse-ecj.jar --enable-objc-gc --enable-multiarch --disable-werror --with-arch-32=i686 --with-abi=m64 --with-multilib-list=m32,m64,mx32 --with-tune=generic --enable-checking=release --build=x86_64-linux-gnu --host=x86_64-linux-gnu --target=x86_64-linux-gnu
Thread model: posix
gcc version 4.8.5 (Ubuntu 4.8.5-2ubuntu1~14.04.1) 
configure:4158: $? = 0
configure:4165: gcc -V >&5
gcc: error: unrecognized command line option '-V'
gcc: fatal error: no input files
compilation terminated.
configure:4169: $? = 4
configure:4192: checking for C compiler default output file name
configure:4214: gcc -O2   conftest.c  >&5
configure:4218: $? = 0
configure:4256: result: a.out
configure:4275: checking whether the C compiler works
configure:4285: ./a.out
configure:4289: $? = 0
configure:4308: result: yes
configure:4315: checking whether we are cross compiling
configure:4317: result: no
configure:4320: checking for suffix of executables
configure:4327: gcc -o conftest -O2   conftest.c  >&5
configure:4331: $? = 0
configure:4357: result: 
configure:4363: checking for suffix of object files
configure:4389: gcc -c -O2  conftest.c >&5
configure:4393: $? = 0
configure:4418: result: o
configure:4422: checking whether we are using the GNU C compiler
configure:4451: gcc -c -O2  conftest.c >&5
configure:4458: $? = 0
configure:4475: result: yes
configure:4484: checking whether gcc accepts -g
configure:4514: gcc -c -g  conftest.c >&5
configure:4521: $? = 0
configure:4622: result: yes
configure:4639: checking for gcc option to accept ISO C89
configure:4713: gcc  -c -O2  conftest.c >&5
configure:4720: $? = 0
configure:4743: result: none needed
configure:4785: gcc -o conftest -O2   conftest.c  >&5
conftest.c: In function 'main':
conftest.c:11:8: warning: incompatible implicit declaration of built-in function 'exit' [enabled by default]
 main(){exit(0);}
        ^
configure:4789: $? = 0
configure:4795: ./conftest
configure:4799: $? = 0
configure:4853: gcc -o conftest -O2   conftest.c  >&5
/tmp/cc55mfA9.o: In function `main':
conftest.c:(.text.startup+0x5): undefined reference to `__something_strange_'
collect2: error: ld returned 1 exit status
configure:4857: $? = 1
configure: program exited with status 1
configure: failed program was:
| /* confdefs.h.  */
| #define PACKAGE_NAME "DGRP Driver"
| #define PACKAGE_TARNAME "dgrp-driver"
| #define PACKAGE_VERSION "1.0.0"
| #define PACKAGE_STRING "DGRP Driver 1.0.0"
| #define PACKAGE_BUGREPORT "support@digi.com"
| #define INSMOD_BIN "/sbin/insmod"
| #define MKNOD_BIN "/bin/mknod"
| #define RMMOD_BIN "/sbin/rmmod"
| /* end confdefs.h.  */
| 
| main()
| {
|    int __something_strange_();
|    __something_strange_(0);
| }
| 
configure:4887: checking for current kernel version
configure:4906: result:  3.13.0-116-generic -> 3.13.0-116- -> 3.13.0
configure:4916: checking for kernel headers
configure:4982: result:  "/lib/modules/3.13.0-116-generic/build"
configure:4993: checking extra version of kernel
configure:5005: result:  -ckt39 
configure:5013: checking if running kernel was compiled for SMP
configure:5021: result:  Yes 
configure:5027: checking what type of build we will do
configure:5072: result: KBUILD.
configure:5080: checking for modules directory
configure:5103: result:  "/lib/modules/3.13.0-116-generic"
configure:5146: checking OpenSSL header version
configure:5189: gcc -o conftest -O2   conftest.c  >&5
conftest.c: In function 'main':
conftest.c:26:17: warning: incompatible implicit declaration of built-in function 'exit' [enabled by default]
                 exit(1);
                 ^
conftest.c:28:2: warning: format '%x' expects argument of type 'unsigned int', but argument 3 has type 'long int' [-Wformat=]
  if ((rc = fprintf(fd ,"%x (%s)\n", OPENSSL_VERSION_NUMBER, OPENSSL_VERSION_TEXT)) <0)
  ^
configure:5193: $? = 0
configure:5199: ./conftest
configure:5203: $? = 0
configure:5207: result: 1000106f (OpenSSL 1.0.1f 6 Jan 2014)
configure:5279: gcc -o conftest -O2   conftest.c  -lcrypto >&5
configure:5286: $? = 0
configure:5403: checking OpenSSL library version
configure:5447: gcc -o conftest -O2   conftest.c  -lcrypto >&5
conftest.c: In function 'main':
conftest.c:30:2: warning: format '%x' expects argument of type 'unsigned int', but argument 3 has type 'long unsigned int' [-Wformat=]
  if ((rc = fprintf(fd ,"%x (%s)\n", SSLeay(), SSLeay_version(SSLEAY_VERSION))) <0)
  ^
configure:5451: $? = 0
configure:5457: ./conftest
configure:5461: $? = 0
configure:5465: result: 1000106f (OpenSSL 1.0.1f 6 Jan 2014)
configure:5513: checking whether OpenSSL's headers match the library
configure:5542: gcc -o conftest -O2   conftest.c  -lcrypto >&5
conftest.c: In function 'main':
conftest.c:19:18: warning: incompatible implicit declaration of built-in function 'exit' [enabled by default]
 int main(void) { exit(SSLeay() == OPENSSL_VERSION_NUMBER ? 0 : 1); }
                  ^
configure:5546: $? = 0
configure:5552: ./conftest
configure:5556: $? = 0
configure:5559: result: yes
configure:5604: checking whether your OpenSSL version is current enough
configure:5633: gcc -o conftest -O2   conftest.c  -lcrypto >&5
conftest.c: In function 'main':
conftest.c:19:18: warning: incompatible implicit declaration of built-in function 'exit' [enabled by default]
 int main(void) { exit( (OPENSSL_VERSION_NUMBER >= 0x0090700f) ? 0 : 1); }
                  ^
configure:5637: $? = 0
configure:5643: ./conftest
configure:5647: $? = 0
configure:5650: result: yes
configure:5704: checking for tgetent...
configure:5727: gcc -o conftest -O2   conftest.c  >&5
/tmp/ccxgmMnR.o: In function `main':
conftest.c:(.text.startup+0xb): undefined reference to `tgetent'
collect2: error: ld returned 1 exit status
configure:5734: $? = 1
configure: failed program was:
| /* confdefs.h.  */
| #define PACKAGE_NAME "DGRP Driver"
| #define PACKAGE_TARNAME "dgrp-driver"
| #define PACKAGE_VERSION "1.0.0"
| #define PACKAGE_STRING "DGRP Driver 1.0.0"
| #define PACKAGE_BUGREPORT "support@digi.com"
| #define INSMOD_BIN "/sbin/insmod"
| #define MKNOD_BIN "/bin/mknod"
| #define RMMOD_BIN "/sbin/rmmod"
| #define KERNEL_RUNNING_VERSION "3.13.0-116-generic"
| #define KERNEL_HEADERS "/lib/modules/3.13.0-116-generic/build"
| #define KERNEL_EXTRAVERSION -ckt39
| #define MODDIR "/lib/modules/3.13.0-116-generic"
| #define HAVE_OPENSSL 1
| /* end confdefs.h.  */
| 
| int
| main ()
| {
| tgetent((char *)0, (char *)0);
|   ;
|   return 0;
| }
configure:5749: checking for libncurses...
configure:5774: gcc -o conftest -O2   conftest.c -lncurses  >&5
configure:5781: $? = 0
configure:5994: checking if Distro specified
configure:6031: result: None
configure:6036: checking if New TTY Locking was specified
configure:6051: result: No - Defaulting to a value of "No"
configure:6056: checking if New TTY Buffering was specified
configure:6071: result: No - Defaulting to a value of "No"
configure:6078: checking if UDEV checking is overridden
configure:6107: result:  No 
configure:6110: checking if UDEV exists
configure:6115: result:  No 
configure:6255: creating ./config.status

## ---------------------- ##
## Running config.status. ##
## ---------------------- ##

This file was extended by DGRP Driver config.status 1.0.0, which was
generated by GNU Autoconf 2.63.  Invocation command line was

  CONFIG_FILES    = 
  CONFIG_HEADERS  = 
  CONFIG_LINKS    = 
  CONFIG_COMMANDS = 
  $ ./config.status 

on nemo

config.status:785: creating Makefile
config.status:785: creating driver/build/Makefile
config.status:785: creating daemon/Makefile
config.status:785: creating ditty/Makefile
config.status:785: creating config/Makefile
config.status:785: creating dparp/os/Makefile.Linux
config.status:785: creating dgipserv/Makefile.linux
config.status:785: creating dgelreset/Makefile.linux
config.status:785: creating init/dgrp_udev
config.status:785: creating init/Makefile
config.status:785: creating commoninc/config.h
config.status:996: commoninc/config.h is unchanged
config.status:1014: executing default commands

## ---------------- ##
## Cache variables. ##
## ---------------- ##

ac_cv_c_compiler_gnu=yes
ac_cv_env_CC_set=
ac_cv_env_CC_value=
ac_cv_env_CFLAGS_set=
ac_cv_env_CFLAGS_value=
ac_cv_env_CPPFLAGS_set=
ac_cv_env_CPPFLAGS_value=
ac_cv_env_LDFLAGS_set=
ac_cv_env_LDFLAGS_value=
ac_cv_env_LIBS_set=
ac_cv_env_LIBS_value=
ac_cv_env_build_alias_set=
ac_cv_env_build_alias_value=
ac_cv_env_host_alias_set=
ac_cv_env_host_alias_value=
ac_cv_env_target_alias_set=
ac_cv_env_target_alias_value=
ac_cv_objext=o
ac_cv_path_ARCH=/usr/bin/arch
ac_cv_path_AWK=/usr/bin/awk
ac_cv_path_CAT=/bin/cat
ac_cv_path_CD=/bin/cd
ac_cv_path_CHKCONFIG=/sbin/chkconfig
ac_cv_path_CHMOD=/bin/chmod
ac_cv_path_CHOWN=/bin/chown
ac_cv_path_CP=/bin/cp
ac_cv_path_DEPMOD=/sbin/depmod
ac_cv_path_ECHO=/bin/echo
ac_cv_path_FUSER=/bin/fuser
ac_cv_path_GREP=/bin/grep
ac_cv_path_INIT=/sbin/init
ac_cv_path_INSMOD=/sbin/insmod
ac_cv_path_KILL=/bin/kill
ac_cv_path_LN=/bin/ln
ac_cv_path_LS=/bin/ls
ac_cv_path_LSMOD=/sbin/lsmod
ac_cv_path_MAKE=/usr/bin/make
ac_cv_path_MKDIR=/bin/mkdir
ac_cv_path_MKNOD=/bin/mknod
ac_cv_path_MORE=/bin/more
ac_cv_path_MV=/bin/mv
ac_cv_path_PS=/bin/ps
ac_cv_path_RM=/bin/rm
ac_cv_path_RMDIR=/bin/rmdir
ac_cv_path_RMMOD=/sbin/rmmod
ac_cv_path_SED=/bin/sed
ac_cv_path_SLEEP=/bin/sleep
ac_cv_path_STTY=/bin/stty
ac_cv_path_TAR=/bin/tar
ac_cv_path_TOUCH=/usr/bin/touch
ac_cv_path_TR=/usr/bin/tr
ac_cv_path_TRUE=/bin/true
ac_cv_path_UDEVADM=/sbin/udevadm
ac_cv_path_UDEVCONTROL='Not Found'
ac_cv_path_UDEVD=/sbin/udevd
ac_cv_path_UDEVINFO='Not Found'
ac_cv_path_UNAME=/bin/uname
ac_cv_prog_KGCC=gcc
ac_cv_prog_ac_ct_CC=gcc
ac_cv_prog_cc_c89=
ac_cv_prog_cc_g=yes

## ----------------- ##
## Output variables. ##
## ----------------- ##

ARCH='/usr/bin/arch'
AWK='/usr/bin/awk'
CAT='/bin/cat'
CC='gcc'
CD='/bin/cd'
CFLAGS='-O2'
CHKCONFIG='/sbin/chkconfig'
CHMOD='/bin/chmod'
CHOWN='/bin/chown'
CP='/bin/cp'
CPPFLAGS=''
DEFS='-DHAVE_CONFIG_H'
DEPMOD='/sbin/depmod'
DISTRO='NO_DISTRO'
ECHO='/bin/echo'
ECHO_C=''
ECHO_N='-n'
ECHO_T=''
EXEEXT=''
FULLPACKAGE='FULLPACKAGE'
FUSER='/bin/fuser'
GREP='/bin/grep'
INIT='/sbin/init'
INSMOD='/sbin/insmod'
KCFLAGS='-Wno-trigraphs -O2 -fno-strict-aliasing -fno-common -mno-red-zone -mcmodel=kernel -pipe -fno-reorder-blocks -finline-limit=2000 -fno-strength-reduce -Wno-sign-compare -fno-asynchronous-unwind-tables'
KERNEL_HEADERS='/lib/modules/3.13.0-116-generic/build'
KGCC='gcc'
KILL='/bin/kill'
KINC='-I/lib/modules/3.13.0-116-generic/build/include'
LDFLAGS=''
LIBOBJS=''
LIBS='-lncurses '
LN='/bin/ln'
LS='/bin/ls'
LSMOD='/sbin/lsmod'
LTLIBOBJS=''
MAKE='/usr/bin/make'
MKDIR='/bin/mkdir'
MKNOD='/bin/mknod'
MODDIR='/lib/modules/3.13.0-116-generic'
MORE='/bin/more'
MV='/bin/mv'
NEEDSSL='no'
NEW_TTY_BUFFERING='No'
NEW_TTY_LOCKING='No'
OBJEXT='o'
PACKAGE_BUGREPORT='support@digi.com'
PACKAGE_NAME='DGRP Driver'
PACKAGE_STRING='DGRP Driver 1.0.0'
PACKAGE_TARNAME='dgrp-driver'
PACKAGE_VERSION='1.0.0'
PATH_SEPARATOR=':'
PS='/bin/ps'
REGISTER_TTYS_WITH_SYSFS='No'
RM='/bin/rm'
RMDIR='/bin/rmdir'
RMMOD='/sbin/rmmod'
SED='/bin/sed'
SHELL='/bin/sh'
SLEEP='/bin/sleep'
SMP='SMP'
STTY='/bin/stty'
TAR='/bin/tar'
TOUCH='/usr/bin/touch'
TR='/usr/bin/tr'
TRUE='/bin/true'
UDEVADM='/sbin/udevadm'
UDEVCONTROL='Not Found'
UDEVD='/sbin/udevd'
UDEVINFO='Not Found'
UDEV_SUPPORT='0'
UNAME='/bin/uname'
ac_ct_CC='gcc'
bindir='${exec_prefix}/bin'
build_alias=''
datadir='${datarootdir}'
datarootdir='${prefix}/share'
docdir='${datarootdir}/doc/${PACKAGE_TARNAME}'
dvidir='${docdir}'
exec_prefix='${prefix}'
host_alias=''
htmldir='${docdir}'
includedir='${prefix}/include'
infodir='${datarootdir}/info'
libdir='${exec_prefix}/lib'
libexecdir='${exec_prefix}/libexec'
localedir='${datarootdir}/locale'
localstatedir='${prefix}/var'
mandir='${datarootdir}/man'
oldincludedir='/usr/include'
pdfdir='${docdir}'
prefix='/usr/local'
program_transform_name='s,x,x,'
psdir='${docdir}'
sbindir='${exec_prefix}/sbin'
sharedstatedir='${prefix}/com'
sysconfdir='${prefix}/etc'
target_alias=''

## ----------- ##
## confdefs.h. ##
## ----------- ##

#define PACKAGE_NAME "DGRP Driver"
#define PACKAGE_TARNAME "dgrp-driver"
#define PACKAGE_VERSION "1.0.0"
#define PACKAGE_STRING "DGRP Driver 1.0.0"
#define PACKAGE_BUGREPORT "support@digi.com"
#define INSMOD_BIN "/sbin/insmod"
#define MKNOD_BIN "/bin/mknod"
#define RMMOD_BIN "/sbin/rmmod"
#define KERNEL_RUNNING_VERSION "3.13.0-116-generic"
#define KERNEL_HEADERS "/lib/modules/3.13.0-116-generic/build"
#define KERNEL_EXTRAVERSION -ckt39
#define MODDIR "/lib/modules/3.13.0-116-generic"
#define HAVE_OPENSSL 1
#define USING_NCURSES 1

configure: exit 0
